<?xml version="1.0" encoding="UTF-8"?>
<!-- Generated by org.testng.reporters.JUnitReportReporter -->
<testsuite skipped="1" hostname="LAPTOP-FMAA3SP7" name="demo.Test1" tests="2" failures="0" timestamp="2020-05-25T10:23:29 COT" time="2.160" errors="1">
  <testcase name="setUp" time="2.160" classname="demo.Test1">
    <error type="org.openqa.selenium.SessionNotCreatedException" message="session not created: This version of ChromeDriver only supports Chrome version 79
Build info: version: &#039;3.141.59&#039;, revision: &#039;e82be7d358&#039;, time: &#039;2018-11-14T08:17:03&#039;
System info: host: &#039;LAPTOP-FMAA3SP7&#039;, ip: &#039;192.168.0.13&#039;, os.name: &#039;Windows 10&#039;, os.arch: &#039;amd64&#039;, os.version: &#039;10.0&#039;, java.version: &#039;1.8.0_241&#039;
Driver info: driver.version: ChromeDriver
remote stacktrace: Backtrace:
	Ordinal0 [0x005EA113+1548563]
	Ordinal0 [0x0056DDA1+1039777]
	Ordinal0 [0x004EE485+517253]
	Ordinal0 [0x0047FD34+64820]
	Ordinal0 [0x0047C61E+50718]
	Ordinal0 [0x0049B797+178071]
	Ordinal0 [0x0049B59D+177565]
	Ordinal0 [0x004995FB+169467]
	Ordinal0 [0x0048160A+71178]
	Ordinal0 [0x00482690+75408]
	Ordinal0 [0x00482629+75305]
	Ordinal0 [0x005871B7+1143223]
	GetHandleVerifier [0x00682B46+507814]
	GetHandleVerifier [0x00682864+507076]
	GetHandleVerifier [0x00689F47+537511]
	GetHandleVerifier [0x00683402+510050]
	Ordinal0 [0x0057F29C+1110684]
	Ordinal0 [0x0058938B+1151883]
	Ordinal0 [0x005894F3+1152243]
	Ordinal0 [0x005883F5+1147893]
	BaseThreadInitThunk [0x76816359+25]
	RtlGetAppContainerNamedObjectPath [0x77467C24+228]
	RtlGetAppContainerNamedObjectPath [0x77467BF4+180]
">
      <![CDATA[org.openqa.selenium.SessionNotCreatedException: session not created: This version of ChromeDriver only supports Chrome version 79
Build info: version: '3.141.59', revision: 'e82be7d358', time: '2018-11-14T08:17:03'
System info: host: 'LAPTOP-FMAA3SP7', ip: '192.168.0.13', os.name: 'Windows 10', os.arch: 'amd64', os.version: '10.0', java.version: '1.8.0_241'
Driver info: driver.version: ChromeDriver
remote stacktrace: Backtrace:
Ordinal0 [0x005EA113+1548563]
Ordinal0 [0x0056DDA1+1039777]
Ordinal0 [0x004EE485+517253]
Ordinal0 [0x0047FD34+64820]
Ordinal0 [0x0047C61E+50718]
Ordinal0 [0x0049B797+178071]
Ordinal0 [0x0049B59D+177565]
Ordinal0 [0x004995FB+169467]
Ordinal0 [0x0048160A+71178]
Ordinal0 [0x00482690+75408]
Ordinal0 [0x00482629+75305]
Ordinal0 [0x005871B7+1143223]
GetHandleVerifier [0x00682B46+507814]
GetHandleVerifier [0x00682864+507076]
GetHandleVerifier [0x00689F47+537511]
GetHandleVerifier [0x00683402+510050]
Ordinal0 [0x0057F29C+1110684]
Ordinal0 [0x0058938B+1151883]
Ordinal0 [0x005894F3+1152243]
Ordinal0 [0x005883F5+1147893]
BaseThreadInitThunk [0x76816359+25]
RtlGetAppContainerNamedObjectPath [0x77467C24+228]
RtlGetAppContainerNamedObjectPath [0x77467BF4+180]

at sun.reflect.NativeConstructorAccessorImpl.newInstance0(Native Method)
at sun.reflect.NativeConstructorAccessorImpl.newInstance(Unknown Source)
at sun.reflect.DelegatingConstructorAccessorImpl.newInstance(Unknown Source)
at java.lang.reflect.Constructor.newInstance(Unknown Source)
at org.openqa.selenium.remote.W3CHandshakeResponse.lambda$errorHandler$0(W3CHandshakeResponse.java:62)
at org.openqa.selenium.remote.HandshakeResponse.lambda$getResponseFunction$0(HandshakeResponse.java:30)
at org.openqa.selenium.remote.ProtocolHandshake.lambda$createSession$0(ProtocolHandshake.java:126)
at java.util.stream.ReferencePipeline$3$1.accept(Unknown Source)
at java.util.Spliterators$ArraySpliterator.tryAdvance(Unknown Source)
at java.util.stream.ReferencePipeline.forEachWithCancel(Unknown Source)
at java.util.stream.AbstractPipeline.copyIntoWithCancel(Unknown Source)
at java.util.stream.AbstractPipeline.copyInto(Unknown Source)
at java.util.stream.AbstractPipeline.wrapAndCopyInto(Unknown Source)
at java.util.stream.FindOps$FindOp.evaluateSequential(Unknown Source)
at java.util.stream.AbstractPipeline.evaluate(Unknown Source)
at java.util.stream.ReferencePipeline.findFirst(Unknown Source)
at org.openqa.selenium.remote.ProtocolHandshake.createSession(ProtocolHandshake.java:128)
at org.openqa.selenium.remote.ProtocolHandshake.createSession(ProtocolHandshake.java:74)
at org.openqa.selenium.remote.HttpCommandExecutor.execute(HttpCommandExecutor.java:136)
at org.openqa.selenium.remote.service.DriverCommandExecutor.execute(DriverCommandExecutor.java:83)
at org.openqa.selenium.remote.RemoteWebDriver.execute(RemoteWebDriver.java:552)
at org.openqa.selenium.remote.RemoteWebDriver.startSession(RemoteWebDriver.java:213)
at org.openqa.selenium.remote.RemoteWebDriver.<init>(RemoteWebDriver.java:131)
at org.openqa.selenium.chrome.ChromeDriver.<init>(ChromeDriver.java:181)
at org.openqa.selenium.chrome.ChromeDriver.<init>(ChromeDriver.java:168)
at org.openqa.selenium.chrome.ChromeDriver.<init>(ChromeDriver.java:123)
at demo.Test1.setUp(Test1.java:22)
at sun.reflect.NativeMethodAccessorImpl.invoke0(Native Method)
at sun.reflect.NativeMethodAccessorImpl.invoke(Unknown Source)
at sun.reflect.DelegatingMethodAccessorImpl.invoke(Unknown Source)
at java.lang.reflect.Method.invoke(Unknown Source)
at org.testng.internal.MethodInvocationHelper.invokeMethod(MethodInvocationHelper.java:134)
at org.testng.internal.MethodInvocationHelper.invokeMethodConsideringTimeout(MethodInvocationHelper.java:63)
at org.testng.internal.ConfigInvoker.invokeConfigurationMethod(ConfigInvoker.java:348)
at org.testng.internal.ConfigInvoker.invokeConfigurations(ConfigInvoker.java:302)
at org.testng.internal.TestMethodWorker.invokeBeforeClassMethods(TestMethodWorker.java:176)
at org.testng.internal.TestMethodWorker.run(TestMethodWorker.java:122)
at java.util.ArrayList.forEach(Unknown Source)
at org.testng.TestRunner.privateRun(TestRunner.java:766)
at org.testng.TestRunner.run(TestRunner.java:587)
at org.testng.SuiteRunner.runTest(SuiteRunner.java:384)
at org.testng.SuiteRunner.runSequentially(SuiteRunner.java:378)
at org.testng.SuiteRunner.privateRun(SuiteRunner.java:337)
at org.testng.SuiteRunner.run(SuiteRunner.java:286)
at org.testng.SuiteRunnerWorker.runSuite(SuiteRunnerWorker.java:53)
at org.testng.SuiteRunnerWorker.run(SuiteRunnerWorker.java:96)
at org.testng.TestNG.runSuitesSequentially(TestNG.java:1187)
at org.testng.TestNG.runSuitesLocally(TestNG.java:1109)
at org.testng.TestNG.runSuites(TestNG.java:1039)
at org.testng.TestNG.run(TestNG.java:1007)
at org.testng.remote.AbstractRemoteTestNG.run(AbstractRemoteTestNG.java:115)
at org.testng.remote.RemoteTestNG.initAndRun(RemoteTestNG.java:251)
at org.testng.remote.RemoteTestNG.main(RemoteTestNG.java:77)
]]>
    </error>
  </testcase> <!-- setUp -->
  <system-out/>
  <testcase name="testUntitledTestCase" time="0.000" classname="demo.Test1">
    <skipped/>
  </testcase> <!-- testUntitledTestCase -->
  <system-out/>
</testsuite> <!-- demo.Test1 -->
